<?xml version="1.0" encoding="UTF-8" ?>
<testsuite tests="3" failures="0" name="com.moortahc.server.comment.service.commentservice.TryCreateCommentTest" time="0.042" errors="0" skipped="0">
  <properties>
[...]
</properties>
  <testcase classname="com.moortahc.server.comment.service.commentservice.TryCreateCommentTest" name="givenValidCommentThenGiveSavedEntityTest" time="0"/>
  <testcase classname="com.moortahc.server.comment.service.commentservice.TryCreateCommentTest" name="givenInvalidCommentThenThrowInvalidCommentException" time="0.039"/>
  <testcase classname="com.moortahc.server.comment.service.commentservice.TryCreateCommentTest" name="givenInvalidPostIdThenThrowInvalidCommentException" time="0.003"/>
</testsuite>